<?xml version="1.0" encoding="UTF-8"?>
<!-- Generated by org.testng.reporters.JUnitXMLReporter -->
<testsuite hostname="DESKTOP-QCK44TB" ignored="0" name="Firefox test" tests="4" failures="4" timestamp="2022-09-24T10:40:00 IST" time="79.703" errors="0">
  <testcase name="amazon" time="31.263" classname="org.test.Parallel">
    <failure type="java.lang.NullPointerException">
      <![CDATA[java.lang.NullPointerException
at com.am_Maven.BaseClass.url(BaseClass.java:28)
at org.test.Parallel.amazon(Parallel.java:28)
at java.util.ArrayList.forEach(Unknown Source)
at java.util.concurrent.FutureTask.run(Unknown Source)
at java.util.concurrent.ThreadPoolExecutor.runWorker(Unknown Source)
at java.util.concurrent.ThreadPoolExecutor$Worker.run(Unknown Source)
at java.lang.Thread.run(Unknown Source)
... Removed 18 stack frames]]>
    </failure>
  </testcase> <!-- amazon -->
  <testcase name="amazon" time="31.263" classname="org.test.Parallel">
    <failure type="java.lang.NullPointerException">
      <![CDATA[java.lang.NullPointerException
at com.am_Maven.BaseClass.url(BaseClass.java:28)
at org.test.Parallel.amazon(Parallel.java:28)
at java.util.ArrayList.forEach(Unknown Source)
at java.util.concurrent.FutureTask.run(Unknown Source)
at java.util.concurrent.ThreadPoolExecutor.runWorker(Unknown Source)
at java.util.concurrent.ThreadPoolExecutor$Worker.run(Unknown Source)
at java.lang.Thread.run(Unknown Source)
... Removed 18 stack frames]]>
    </failure>
  </testcase> <!-- amazon -->
  <testcase name="flipkart" time="41.401" classname="org.test.Parallel">
    <failure type="java.lang.NullPointerException">
      <![CDATA[java.lang.NullPointerException
at com.am_Maven.BaseClass.url(BaseClass.java:28)
at org.test.Parallel.flipkart(Parallel.java:41)
at java.util.ArrayList.forEach(Unknown Source)
at java.util.concurrent.FutureTask.run(Unknown Source)
at java.util.concurrent.ThreadPoolExecutor.runWorker(Unknown Source)
at java.util.concurrent.ThreadPoolExecutor$Worker.run(Unknown Source)
at java.lang.Thread.run(Unknown Source)
... Removed 18 stack frames]]>
    </failure>
  </testcase> <!-- flipkart -->
  <testcase name="flipkart" time="47.996" classname="org.test.Parallel">
    <failure type="java.lang.NullPointerException">
      <![CDATA[java.lang.NullPointerException
at com.am_Maven.BaseClass.url(BaseClass.java:28)
at org.test.Parallel.flipkart(Parallel.java:41)
at java.util.ArrayList.forEach(Unknown Source)
at java.util.concurrent.FutureTask.run(Unknown Source)
at java.util.concurrent.ThreadPoolExecutor.runWorker(Unknown Source)
at java.util.concurrent.ThreadPoolExecutor$Worker.run(Unknown Source)
at java.lang.Thread.run(Unknown Source)
... Removed 18 stack frames]]>
    </failure>
  </testcase> <!-- flipkart -->
</testsuite> <!-- Firefox test -->
