<?xml version="1.0" encoding="UTF-8"?>
<!-- Generated by org.testng.reporters.JUnitXMLReporter -->
<testsuite hostname="DESKTOP-QCK44TB" ignored="0" name="Test" tests="4" failures="0" timestamp="2022-09-24T10:17:20 IST" time="6.921" errors="0">
  <testcase name="l_Page" time="0.069" classname="org.test.Mobiles_Page"/>
  <testcase name="m_Page" time="0.004" classname="org.test.Mobiles_Page"/>
  <testcase name="amazon" time="2.935" classname="org.test.Parallel"/>
  <testcase name="flipkart" time="3.902" classname="org.test.Parallel"/>
</testsuite> <!-- Test -->
